

Version:	3.14
CmdLine:	C:\Users\leden\OneDrive\ITMO\sem_2\физика\проект\project\app.exe --l4j-debug
WOW64:		yes
Working dir:	C:\Users\leden\OneDrive\ITMO\sem_2\физика\проект\project\.
Java min ver:	1.008.000
Java max ver:	1.017.000
64-bit search:	SOFTWARE\JavaSoft\Java Runtime Environment...
32-bit search:	SOFTWARE\JavaSoft\Java Runtime Environment...
64-bit search:	SOFTWARE\JavaSoft\Java Development Kit...
Check:		SOFTWARE\JavaSoft\Java Development Kit\1.8
Check launcher:	C:\Program Files\Java\jdk1.8.0_301\bin\javaw.exe (OK)
Match:		1.008.000
Check:		SOFTWARE\JavaSoft\Java Development Kit\1.8.0_301
Check launcher:	C:\Program Files\Java\jdk1.8.0_301\bin\javaw.exe (OK)
Match:		1.008.000_301
64-bit search:	SOFTWARE\JavaSoft\JRE...
64-bit search:	SOFTWARE\JavaSoft\JDK...
Runtime used:	1.008.000_301 (64-bit)
Launcher:	C:\Program Files\Java\jdk1.8.0_301\bin\javaw.exe
Launcher args:	-jar "C:\Users\leden\OneDrive\ITMO\sem_2\физика\проект\project\app.exe"
Args length:	71/32768 chars
Exit code:	0


Version:	3.14
CmdLine:	C:\Users\leden\OneDrive\ITMO\sem_2\физика\проект\project\app.exe --l4j-debug
WOW64:		yes
Working dir:	C:\Users\leden\OneDrive\ITMO\sem_2\физика\проект\project\.
Java min ver:	1.007.000
Java max ver:	1.017.000
64-bit search:	SOFTWARE\JavaSoft\Java Runtime Environment...
32-bit search:	SOFTWARE\JavaSoft\Java Runtime Environment...
64-bit search:	SOFTWARE\JavaSoft\Java Development Kit...
Check:		SOFTWARE\JavaSoft\Java Development Kit\1.8
Check launcher:	C:\Program Files\Java\jdk1.8.0_301\bin\javaw.exe (OK)
Match:		1.008.000
Check:		SOFTWARE\JavaSoft\Java Development Kit\1.8.0_301
Check launcher:	C:\Program Files\Java\jdk1.8.0_301\bin\javaw.exe (OK)
Match:		1.008.000_301
64-bit search:	SOFTWARE\JavaSoft\JRE...
64-bit search:	SOFTWARE\JavaSoft\JDK...
Runtime used:	1.008.000_301 (64-bit)
Launcher:	C:\Program Files\Java\jdk1.8.0_301\bin\javaw.exe
Launcher args:	-jar "C:\Users\leden\OneDrive\ITMO\sem_2\физика\проект\project\app.exe"
Args length:	71/32768 chars
Exit code:	0


Version:	3.14
CmdLine:	C:\Users\leden\OneDrive\ITMO\sem_2\физика\проект\project\app.exe --l4j-debug
WOW64:		yes
Working dir:	C:\Users\leden\OneDrive\ITMO\sem_2\физика\проект\project\.
Java min ver:	1.008.000
Java max ver:	1.017.000
64-bit search:	SOFTWARE\JavaSoft\Java Runtime Environment...
32-bit search:	SOFTWARE\JavaSoft\Java Runtime Environment...
64-bit search:	SOFTWARE\JavaSoft\Java Development Kit...
Check:		SOFTWARE\JavaSoft\Java Development Kit\1.8
Check launcher:	C:\Program Files\Java\jdk1.8.0_301\bin\javaw.exe (OK)
Match:		1.008.000
Check:		SOFTWARE\JavaSoft\Java Development Kit\1.8.0_301
Check launcher:	C:\Program Files\Java\jdk1.8.0_301\bin\javaw.exe (OK)
Match:		1.008.000_301
64-bit search:	SOFTWARE\JavaSoft\JRE...
64-bit search:	SOFTWARE\JavaSoft\JDK...
Runtime used:	1.008.000_301 (64-bit)
Launcher:	C:\Program Files\Java\jdk1.8.0_301\bin\javaw.exe
Launcher args:	-jar "C:\Users\leden\OneDrive\ITMO\sem_2\физика\проект\project\app.exe"
Args length:	71/32768 chars
Exit code:	0


Version:	3.14
CmdLine:	C:\Users\leden\OneDrive\ITMO\sem_2\физика\проект\project\app.exe --l4j-debug
WOW64:		yes
Working dir:	C:\Users\leden\OneDrive\ITMO\sem_2\физика\проект\project\.
Java min ver:	1.008.000
Java max ver:	1.017.000
64-bit search:	SOFTWARE\JavaSoft\Java Runtime Environment...
32-bit search:	SOFTWARE\JavaSoft\Java Runtime Environment...
64-bit search:	SOFTWARE\JavaSoft\Java Development Kit...
Check:		SOFTWARE\JavaSoft\Java Development Kit\1.8
Check launcher:	C:\Program Files\Java\jdk1.8.0_301\bin\javaw.exe (OK)
Match:		1.008.000
Check:		SOFTWARE\JavaSoft\Java Development Kit\1.8.0_301
Check launcher:	C:\Program Files\Java\jdk1.8.0_301\bin\javaw.exe (OK)
Match:		1.008.000_301
64-bit search:	SOFTWARE\JavaSoft\JRE...
64-bit search:	SOFTWARE\JavaSoft\JDK...
Runtime used:	1.008.000_301 (64-bit)
Launcher:	C:\Program Files\Java\jdk1.8.0_301\bin\javaw.exe
Launcher args:	-jar "C:\Users\leden\OneDrive\ITMO\sem_2\физика\проект\project\app.exe"
Args length:	71/32768 chars
Exit code:	0


Version:	3.14
CmdLine:	C:\Users\leden\OneDrive\ITMO\sem_2\физика\проект\project\app.exe --l4j-debug
WOW64:		yes
Working dir:	C:\Users\leden\OneDrive\ITMO\sem_2\физика\проект\project\.
Java min ver:	1.008.000
Java max ver:	1.017.000
64-bit search:	SOFTWARE\JavaSoft\Java Runtime Environment...
32-bit search:	SOFTWARE\JavaSoft\Java Runtime Environment...
64-bit search:	SOFTWARE\JavaSoft\Java Development Kit...
Check:		SOFTWARE\JavaSoft\Java Development Kit\1.8
Check launcher:	C:\Program Files\Java\jdk1.8.0_301\bin\javaw.exe (OK)
Match:		1.008.000
Check:		SOFTWARE\JavaSoft\Java Development Kit\1.8.0_301
Check launcher:	C:\Program Files\Java\jdk1.8.0_301\bin\javaw.exe (OK)
Match:		1.008.000_301
64-bit search:	SOFTWARE\JavaSoft\JRE...
64-bit search:	SOFTWARE\JavaSoft\JDK...
Runtime used:	1.008.000_301 (64-bit)
Launcher:	C:\Program Files\Java\jdk1.8.0_301\bin\javaw.exe
Launcher args:	-jar "C:\Users\leden\OneDrive\ITMO\sem_2\физика\проект\project\app.exe"
Args length:	71/32768 chars
Exit code:	0


Version:	3.14
CmdLine:	C:\Users\leden\OneDrive\ITMO\sem_2\физика\проект\project\app.exe --l4j-debug
WOW64:		yes
Working dir:	C:\Users\leden\OneDrive\ITMO\sem_2\физика\проект\project\.
Java min ver:	1.008.000
Java max ver:	1.017.000
64-bit search:	SOFTWARE\JavaSoft\Java Runtime Environment...
32-bit search:	SOFTWARE\JavaSoft\Java Runtime Environment...
64-bit search:	SOFTWARE\JavaSoft\Java Development Kit...
Check:		SOFTWARE\JavaSoft\Java Development Kit\1.8
Check launcher:	C:\Program Files\Java\jdk1.8.0_301\bin\javaw.exe (OK)
Match:		1.008.000
Check:		SOFTWARE\JavaSoft\Java Development Kit\1.8.0_301
Check launcher:	C:\Program Files\Java\jdk1.8.0_301\bin\javaw.exe (OK)
Match:		1.008.000_301
64-bit search:	SOFTWARE\JavaSoft\JRE...
64-bit search:	SOFTWARE\JavaSoft\JDK...
Runtime used:	1.008.000_301 (64-bit)
Launcher:	C:\Program Files\Java\jdk1.8.0_301\bin\javaw.exe
Launcher args:	-jar "C:\Users\leden\OneDrive\ITMO\sem_2\физика\проект\project\app.exe"
Args length:	71/32768 chars
Exit code:	0


Version:	3.14
CmdLine:	C:\Users\leden\OneDrive\ITMO\sem_2\физика\проект\project\app.exe --l4j-debug
WOW64:		yes
Working dir:	C:\Users\leden\OneDrive\ITMO\sem_2\физика\проект\project\.
Java min ver:	1.008.000
Java max ver:	1.017.000
64-bit search:	SOFTWARE\JavaSoft\Java Runtime Environment...
32-bit search:	SOFTWARE\JavaSoft\Java Runtime Environment...
64-bit search:	SOFTWARE\JavaSoft\Java Development Kit...
Check:		SOFTWARE\JavaSoft\Java Development Kit\1.8
Check launcher:	C:\Program Files\Java\jdk1.8.0_301\bin\javaw.exe (OK)
Match:		1.008.000
Check:		SOFTWARE\JavaSoft\Java Development Kit\1.8.0_301
Check launcher:	C:\Program Files\Java\jdk1.8.0_301\bin\javaw.exe (OK)
Match:		1.008.000_301
64-bit search:	SOFTWARE\JavaSoft\JRE...
64-bit search:	SOFTWARE\JavaSoft\JDK...
Runtime used:	1.008.000_301 (64-bit)
Launcher:	C:\Program Files\Java\jdk1.8.0_301\bin\javaw.exe
Launcher args:	-jar "C:\Users\leden\OneDrive\ITMO\sem_2\физика\проект\project\app.exe"
Args length:	71/32768 chars
Exit code:	0


Version:	3.14
CmdLine:	C:\Users\leden\OneDrive\ITMO\sem_2\физика\проект\project\app.exe --l4j-debug
WOW64:		yes
Working dir:	C:\Users\leden\OneDrive\ITMO\sem_2\физика\проект\project\.
Java min ver:	1.008.000
Java max ver:	1.017.000
64-bit search:	SOFTWARE\JavaSoft\Java Runtime Environment...
32-bit search:	SOFTWARE\JavaSoft\Java Runtime Environment...
64-bit search:	SOFTWARE\JavaSoft\Java Development Kit...
Check:		SOFTWARE\JavaSoft\Java Development Kit\1.8
Check launcher:	C:\Program Files\Java\jdk1.8.0_301\bin\javaw.exe (OK)
Match:		1.008.000
Check:		SOFTWARE\JavaSoft\Java Development Kit\1.8.0_301
Check launcher:	C:\Program Files\Java\jdk1.8.0_301\bin\javaw.exe (OK)
Match:		1.008.000_301
64-bit search:	SOFTWARE\JavaSoft\JRE...
64-bit search:	SOFTWARE\JavaSoft\JDK...
Runtime used:	1.008.000_301 (64-bit)
Launcher:	C:\Program Files\Java\jdk1.8.0_301\bin\javaw.exe
Launcher args:	-jar "C:\Users\leden\OneDrive\ITMO\sem_2\физика\проект\project\app.exe"
Args length:	71/32768 chars
Exit code:	0


Version:	3.14
CmdLine:	C:\Users\leden\OneDrive\ITMO\sem_2\физика\проект\project\app.exe --l4j-debug
WOW64:		yes
Working dir:	C:\Users\leden\OneDrive\ITMO\sem_2\физика\проект\project\.
Java min ver:	1.008.000
Java max ver:	1.017.000
64-bit search:	SOFTWARE\JavaSoft\Java Runtime Environment...
32-bit search:	SOFTWARE\JavaSoft\Java Runtime Environment...
64-bit search:	SOFTWARE\JavaSoft\Java Development Kit...
Check:		SOFTWARE\JavaSoft\Java Development Kit\1.8
Check launcher:	C:\Program Files\Java\jdk1.8.0_301\bin\javaw.exe (OK)
Match:		1.008.000
Check:		SOFTWARE\JavaSoft\Java Development Kit\1.8.0_301
Check launcher:	C:\Program Files\Java\jdk1.8.0_301\bin\javaw.exe (OK)
Match:		1.008.000_301
64-bit search:	SOFTWARE\JavaSoft\JRE...
64-bit search:	SOFTWARE\JavaSoft\JDK...
Runtime used:	1.008.000_301 (64-bit)
Launcher:	C:\Program Files\Java\jdk1.8.0_301\bin\javaw.exe
Launcher args:	-jar "C:\Users\leden\OneDrive\ITMO\sem_2\физика\проект\project\app.exe"
Args length:	71/32768 chars
Exit code:	0
